Received data: 
Received data: 
Received data for update-menu.php: 
Received data for add-menu.php: Array
(
    [name] => 綜合波奇
    [price] => 250
)

Received data for update-menu.php: 
Received data for add-menu.php: 
Received data for add-menu.php: Array
(
    [name] => 綜合波奇
    [price] => 200
)

Received data for add-menu.php: Array
(
    [name] => 綜合波奇
    [price] => 160
)

Received data for update-menu.php: Array
(
    [id] => 
    [name] => 
    [price] => 
)

Received data for add-menu.php: 
Received data for update-menu.php: 
Received data for add-menu.php: 
Received data for update-menu.php: 
Received data for add-menu.php: 
Received data for update-menu.php: Array
(
    [id] => 
    [name] => 
    [price] => 
)

Received data for add-menu.php: Array
(
    [name] => 
    [price] => 
)

Received data for add-menu.php: Array
(
    [name] => 
    [price] => 
)

Received data for add-menu.php: 
Received data for add-menu.php: 
Received data for add-menu.php: 
Received data for add-menu.php: 
Received data for add-menu.php: 
Received data for add-menu.php: 
Received data for add-menu.php: Array
(
    [name] => 
    [price] => 
)

Received data for add-menu.php: Array
(
    [name] => 綜合波奇
    [price] => 160
)

Received data for update-menu.php: 
Received data for update-menu.php: 
Received data for update-menu.php: Array
(
    [id] => 
    [name] => 
    [price] => 
)

Received data for update-menu.php: Array
(
    [id] => 
    [name] => 
    [price] => 
)

Received data for add-menu.php: 
Received data for add-menu.php: Array
(
    [name] => 綜合
    [price] => 100
)

Received data for update-menu.php: 
Received data for update-menu.php: 
Received data for update-menu.php: 
Received data for update-menu.php: Array
(
    [id] => 8
    [name] => 綜合波奇
    [price] => 160
)

Received data for update-menu.php: Array
(
    [id] => 3
    [name] => 簡單波奇
    [price] => 233
)

Received data for update-menu.php: Array
(
    [id] => 3
    [name] => 簡單波奇
    [price] => 230
)

